{'model': 'n-heptane.yaml',
 'datasets': [{'dataset': 'n-heptane/Herzler 2005/st_herzler_2005-1.yaml',
   'dataset_id': 0,
   'standard deviation': 0.1,
   'datapoints': [{'experimental ignition delay': '0.00043799999999999997 second',
     'simulated ignition delay': '6.022165492389585e-06 second',
     'temperature': '(1092 +/- 25) kelvin',
     'pressure': '4910000.0 pascal',
     'composition': [{'InChI': '1S/C7H16/c1-3-5-7-6-4-2/h3-7H2,1-2H3',
       'species-name': 'nC7H16',
       'amount': '0.001906'},
      {'InChI': '1S/O2/c1-2', 'species-name': 'O2', 'amount': '0.209684'},
      {'InChI': '1S/N2/c1-2', 'species-name': 'N2', 'amount': '0.78841'}],
     'composition type': 'mole fraction'},
    {'experimental ignition delay': '0.000647 second',
     'simulated ignition delay': '5.842869630607735e-14 second',
     'temperature': '(1048 +/- 25) kelvin',
     'pressure': '4760000.0 pascal',
     'composition': [{'InChI': '1S/C7H16/c1-3-5-7-6-4-2/h3-7H2,1-2H3',
       'species-name': 'nC7H16',
       'amount': '0.001906'},
      {'InChI': '1S/O2/c1-2', 'species-name': 'O2', 'amount': '0.209684'},
      {'InChI': '1S/N2/c1-2', 'species-name': 'N2', 'amount': '0.78841'}],
     'composition type': 'mole fraction'},
    {'experimental ignition delay': '0.000785 second',
     'simulated ignition delay': '3.2096114857293674e-10 second',
     'temperature': '(1017 +/- 25) kelvin',
     'pressure': '5000000.0 pascal',
     'composition': [{'InChI': '1S/C7H16/c1-3-5-7-6-4-2/h3-7H2,1-2H3',
       'species-name': 'nC7H16',
       'amount': '0.001906'},
      {'InChI': '1S/O2/c1-2', 'species-name': 'O2', 'amount': '0.209684'},
      {'InChI': '1S/N2/c1-2', 'species-name': 'N2', 'amount': '0.78841'}],
     'composition type': 'mole fraction'},
    {'experimental ignition delay': '0.001206 second',
     'simulated ignition delay': '1.1417458590084177e-09 second',
     'temperature': '(973 +/- 25) kelvin',
     'pressure': '4550000.0 pascal',
     'composition': [{'InChI': '1S/C7H16/c1-3-5-7-6-4-2/h3-7H2,1-2H3',
       'species-name': 'nC7H16',
       'amount': '0.001906'},
      {'InChI': '1S/O2/c1-2', 'species-name': 'O2', 'amount': '0.209684'},
      {'InChI': '1S/N2/c1-2', 'species-name': 'N2', 'amount': '0.78841'}],
     'composition type': 'mole fraction'},
    {'experimental ignition delay': '0.001303 second',
     'simulated ignition delay': '2.899681602590138e-09 second',
     'temperature': '(943 +/- 25) kelvin',
     'pressure': '5500000.0 pascal',
     'composition': [{'InChI': '1S/C7H16/c1-3-5-7-6-4-2/h3-7H2,1-2H3',
       'species-name': 'nC7H16',
       'amount': '0.001906'},
      {'InChI': '1S/O2/c1-2', 'species-name': 'O2', 'amount': '0.209684'},
      {'InChI': '1S/N2/c1-2', 'species-name': 'N2', 'amount': '0.78841'}],
     'composition type': 'mole fraction'},
    {'experimental ignition delay': '0.0013859999999999999 second',
     'simulated ignition delay': '6.399222470287755e-09 second',
     'temperature': '(919 +/- 25) kelvin',
     'pressure': '5190000.0 pascal',
     'composition': [{'InChI': '1S/C7H16/c1-3-5-7-6-4-2/h3-7H2,1-2H3',
       'species-name': 'nC7H16',
       'amount': '0.001906'},
      {'InChI': '1S/O2/c1-2', 'species-name': 'O2', 'amount': '0.209684'},
      {'InChI': '1S/N2/c1-2', 'species-name': 'N2', 'amount': '0.78841'}],
     'composition type': 'mole fraction'},
    {'experimental ignition delay': '0.00225 second',
     'simulated ignition delay': '4.8191920550828464e-08 second',
     'temperature': '(863 +/- 25) kelvin',
     'pressure': '4950000.0 pascal',
     'composition': [{'InChI': '1S/C7H16/c1-3-5-7-6-4-2/h3-7H2,1-2H3',
       'species-name': 'nC7H16',
       'amount': '0.001906'},
      {'InChI': '1S/O2/c1-2', 'species-name': 'O2', 'amount': '0.209684'},
      {'InChI': '1S/N2/c1-2', 'species-name': 'N2', 'amount': '0.78841'}],
     'composition type': 'mole fraction'}],
   'error function': 19971.011105107864,
   'absolute deviation': -131.49613794543626}],
 'average error function': 19971.011105107864,
 'error function standard deviation': 0.0,
 'average deviation function': -131.49613794543626}